<?xml version="1.0" encoding="UTF-8"?>
<testng-results skipped="0" failed="0" ignored="0" total="2" passed="2">
  <reporter-output>
  </reporter-output>
  <suite name="Suite" duration-ms="59603" started-at="2019-02-04T04:55:57Z" finished-at="2019-02-04T04:56:56Z">
    <groups>
    </groups>
    <test name="Test" duration-ms="59603" started-at="2019-02-04T04:55:57Z" finished-at="2019-02-04T04:56:56Z">
      <class name="com.kerb.test.Scenarios.RouteToFindSpace_LeaseSpace_Bookings">
        <test-method status="PASS" signature="initialization()[pri:0, instance:com.kerb.test.Scenarios.RouteToFindSpace_LeaseSpace_Bookings@e45f292]" name="initialization" is-config="true" duration-ms="13824" started-at="2019-02-04T04:56:26Z" finished-at="2019-02-04T04:56:40Z">
          <reporter-output>
          </reporter-output>
        </test-method> <!-- initialization -->
        <test-method status="PASS" signature="routeToFindSpace_LeaseSpace_Bookings()[pri:0, instance:com.kerb.test.Scenarios.RouteToFindSpace_LeaseSpace_Bookings@e45f292]" name="routeToFindSpace_LeaseSpace_Bookings" duration-ms="15979" started-at="2019-02-04T04:56:40Z" finished-at="2019-02-04T04:56:56Z">
          <reporter-output>
          </reporter-output>
        </test-method> <!-- routeToFindSpace_LeaseSpace_Bookings -->
        <test-method status="PASS" signature="closeApplication(org.testng.ITestResult)[pri:0, instance:com.kerb.test.Scenarios.RouteToFindSpace_LeaseSpace_Bookings@e45f292]" name="closeApplication" is-config="true" duration-ms="857" started-at="2019-02-04T04:56:56Z" finished-at="2019-02-04T04:56:56Z">
          <params>
            <param index="0">
              <value>
                <![CDATA[[TestResult name=routeToFindSpace_LeaseSpace_Bookings status=SUCCESS method=RouteToFindSpace_LeaseSpace_Bookings.routeToFindSpace_LeaseSpace_Bookings()[pri:0, instance:com.kerb.test.Scenarios.RouteToFindSpace_LeaseSpace_Bookings@e45f292] output={null}]]]>
              </value>
            </param>
          </params>
          <reporter-output>
          </reporter-output>
        </test-method> <!-- closeApplication -->
      </class> <!-- com.kerb.test.Scenarios.RouteToFindSpace_LeaseSpace_Bookings -->
      <class name="com.kerb.test.Scenarios.HomePageTest">
        <test-method status="PASS" signature="initialization()[pri:0, instance:com.kerb.test.Scenarios.HomePageTest@5bcab519]" name="initialization" is-config="true" duration-ms="20508" started-at="2019-02-04T04:55:57Z" finished-at="2019-02-04T04:56:17Z">
          <reporter-output>
          </reporter-output>
        </test-method> <!-- initialization -->
        <test-method status="PASS" signature="HomeTest()[pri:0, instance:com.kerb.test.Scenarios.HomePageTest@5bcab519]" name="HomeTest" duration-ms="7336" started-at="2019-02-04T04:56:17Z" finished-at="2019-02-04T04:56:25Z">
          <reporter-output>
          </reporter-output>
        </test-method> <!-- HomeTest -->
        <test-method status="PASS" signature="closeApplication(org.testng.ITestResult)[pri:0, instance:com.kerb.test.Scenarios.HomePageTest@5bcab519]" name="closeApplication" is-config="true" duration-ms="1019" started-at="2019-02-04T04:56:25Z" finished-at="2019-02-04T04:56:26Z">
          <params>
            <param index="0">
              <value>
                <![CDATA[[TestResult name=HomeTest status=SUCCESS method=HomePageTest.HomeTest()[pri:0, instance:com.kerb.test.Scenarios.HomePageTest@5bcab519] output={null}]]]>
              </value>
            </param>
          </params>
          <reporter-output>
          </reporter-output>
        </test-method> <!-- closeApplication -->
      </class> <!-- com.kerb.test.Scenarios.HomePageTest -->
    </test> <!-- Test -->
  </suite> <!-- Suite -->
</testng-results>
