<?xml version="1.0" encoding="UTF-8"?>
<!-- Generated by org.testng.reporters.JUnitXMLReporter -->
<testsuite hostname="ADMIN" ignored="0" name="Test" tests="2" failures="0" timestamp="04 Feb 2019 04:56:57 GMT" time="59.603" errors="0">
  <testcase name="HomeTest" time="7.336" classname="com.kerb.test.Scenarios.HomePageTest"/>
  <testcase name="routeToFindSpace_LeaseSpace_Bookings" time="15.979" classname="com.kerb.test.Scenarios.RouteToFindSpace_LeaseSpace_Bookings"/>
</testsuite> <!-- Test -->
